Log file open, 01/19/17 14:51:26
LogInit:Display: Running engine for game: ReturnOfKing
LogPlatformFile: Not using cached read wrapper
LogInit:Display: RandInit(1518185976) SRandInit(1518185976).
LogTaskGraph: Started task graph with 5 named threads and 8 total threads with 1 sets of task threads.
LogStats: Stats thread started at 0.072060
LogPluginManager: Loaded Plugin Paper2D, From C:/Program Files (x86)/Epic Games/4.13/Engine/Plugins/2D/Paper2D/Paper2D.uplugin
LogPluginManager: Loaded Plugin LightPropagationVolume, From C:/Program Files (x86)/Epic Games/4.13/Engine/Plugins/Blendables/LightPropagationVolume/LightPropagationVolume.uplugin
LogPluginManager: Loaded Plugin BlankPlugin, From C:/Program Files (x86)/Epic Games/4.13/Engine/Plugins/Developer/BlankPlugin/BlankPlugin.uplugin
LogPluginManager: Loaded Plugin CodeLiteSourceCodeAccess, From C:/Program Files (x86)/Epic Games/4.13/Engine/Plugins/Developer/CodeLiteSourceCodeAccess/CodeLiteSourceCodeAccess.uplugin
LogPluginManager: Loaded Plugin GitSourceControl, From C:/Program Files (x86)/Epic Games/4.13/Engine/Plugins/Developer/GitSourceControl/GitSourceControl.uplugin
LogPluginManager: Loaded Plugin KDevelopSourceCodeAccess, From C:/Program Files (x86)/Epic Games/4.13/Engine/Plugins/Developer/KDevelopSourceCodeAccess/KDevelopSourceCodeAccess.uplugin
LogPluginManager: Loaded Plugin NullSourceCodeAccess, From C:/Program Files (x86)/Epic Games/4.13/Engine/Plugins/Developer/NullSourceCodeAccess/NullSourceCodeAccess.uplugin
LogPluginManager: Loaded Plugin OneSkyLocalizationService, From C:/Program Files (x86)/Epic Games/4.13/Engine/Plugins/Developer/OneSkyLocalizationService/OneSkyLocalizationService.uplugin
LogPluginManager: Loaded Plugin PerforceSourceControl, From C:/Program Files (x86)/Epic Games/4.13/Engine/Plugins/Developer/PerforceSourceControl/PerforceSourceControl.uplugin
LogPluginManager: Loaded Plugin SubversionSourceControl, From C:/Program Files (x86)/Epic Games/4.13/Engine/Plugins/Developer/SubversionSourceControl/SubversionSourceControl.uplugin
LogPluginManager: Loaded Plugin UObjectPlugin, From C:/Program Files (x86)/Epic Games/4.13/Engine/Plugins/Developer/UObjectPlugin/UObjectPlugin.uplugin
LogPluginManager: Loaded Plugin VisualStudioSourceCodeAccess, From C:/Program Files (x86)/Epic Games/4.13/Engine/Plugins/Developer/VisualStudioSourceCodeAccess/VisualStudioSourceCodeAccess.uplugin
LogPluginManager: Loaded Plugin XCodeSourceCodeAccess, From C:/Program Files (x86)/Epic Games/4.13/Engine/Plugins/Developer/XCodeSourceCodeAccess/XCodeSourceCodeAccess.uplugin
LogPluginManager: Loaded Plugin EpicSurvey, From C:/Program Files (x86)/Epic Games/4.13/Engine/Plugins/Editor/EpicSurvey/EpicSurvey.uplugin
LogPluginManager: Loaded Plugin MacGraphicsSwitching, From C:/Program Files (x86)/Epic Games/4.13/Engine/Plugins/Editor/MacGraphicsSwitching/MacGraphicsSwitching.uplugin
LogPluginManager: Loaded Plugin MobileLauncherProfileWizard, From C:/Program Files (x86)/Epic Games/4.13/Engine/Plugins/Editor/MobileLauncherProfileWizard/MobileLauncherProfileWizard.uplugin
LogPluginManager: Loaded Plugin PluginBrowser, From C:/Program Files (x86)/Epic Games/4.13/Engine/Plugins/Editor/PluginBrowser/PluginBrowser.uplugin
LogPluginManager: Loaded Plugin SpeedTreeImporter, From C:/Program Files (x86)/Epic Games/4.13/Engine/Plugins/Editor/SpeedTreeImporter/SpeedTreeImporter.uplugin
LogPluginManager: Loaded Plugin SuperSearchEditor, From C:/Program Files (x86)/Epic Games/4.13/Engine/Plugins/Editor/SuperSearchEditor/SuperSearchEditor.uplugin
LogPluginManager: Loaded Plugin AlembicImporter, From C:/Program Files (x86)/Epic Games/4.13/Engine/Plugins/Experimental/AlembicImporter/AlembicImporter.uplugin
LogPluginManager: Loaded Plugin BlueprintStats, From C:/Program Files (x86)/Epic Games/4.13/Engine/Plugins/Experimental/BlueprintStats/BlueprintStats.uplugin
LogPluginManager: Loaded Plugin CharacterAI, From C:/Program Files (x86)/Epic Games/4.13/Engine/Plugins/Experimental/CharacterAI/CharacterAI.uplugin
LogPluginManager: Loaded Plugin CodeEditor, From C:/Program Files (x86)/Epic Games/4.13/Engine/Plugins/Experimental/CodeEditor/CodeEditor.uplugin
LogPluginManager: Loaded Plugin CodeView, From C:/Program Files (x86)/Epic Games/4.13/Engine/Plugins/Experimental/CodeView/CodeView.uplugin
LogPluginManager: Loaded Plugin HTML5Networking, From C:/Program Files (x86)/Epic Games/4.13/Engine/Plugins/Experimental/HTML5Networking/HTML5Networking.uplugin
LogPluginManager: Loaded Plugin LiveEditor, From C:/Program Files (x86)/Epic Games/4.13/Engine/Plugins/Experimental/LiveEditor/LiveEditor.uplugin
LogPluginManager: Loaded Plugin OSVR, From C:/Program Files (x86)/Epic Games/4.13/Engine/Plugins/Experimental/OSVR/OSVR.uplugin
LogPluginManager: Loaded Plugin Phya, From C:/Program Files (x86)/Epic Games/4.13/Engine/Plugins/Experimental/Phya/Phya.uplugin
LogPluginManager: Loaded Plugin SignificanceManager, From C:/Program Files (x86)/Epic Games/4.13/Engine/Plugins/Experimental/SignificanceManager/SignificanceManager.uplugin
LogPluginManager: Loaded Plugin SimpleHMD, From C:/Program Files (x86)/Epic Games/4.13/Engine/Plugins/Experimental/SimpleHMD/SimpleHMD.uplugin
LogPluginManager: Loaded Plugin StereoPanorama, From C:/Program Files (x86)/Epic Games/4.13/Engine/Plugins/Experimental/StereoPanorama/StereoPanorama.uplugin
LogPluginManager: Loaded Plugin StructBox, From C:/Program Files (x86)/Epic Games/4.13/Engine/Plugins/Experimental/StructBox/StructBox.uplugin
LogPluginManager: Loaded Plugin CreaturePackPlugin, From C:/Program Files (x86)/Epic Games/4.13/Engine/Plugins/Marketplace/CreaturePackPlugin/CreaturePackPlugin.uplugin
LogPluginManager: Loaded Plugin AndroidMedia, From C:/Program Files (x86)/Epic Games/4.13/Engine/Plugins/Media/AndroidMedia/AndroidMedia.uplugin
LogPluginManager: Loaded Plugin AvfMedia, From C:/Program Files (x86)/Epic Games/4.13/Engine/Plugins/Media/AvfMedia/AvfMedia.uplugin
LogPluginManager: Loaded Plugin MediaPlayerEditor, From C:/Program Files (x86)/Epic Games/4.13/Engine/Plugins/Media/MediaPlayerEditor/MediaPlayerEditor.uplugin
LogPluginManager: Loaded Plugin WmfMedia, From C:/Program Files (x86)/Epic Games/4.13/Engine/Plugins/Media/WmfMedia/WmfMedia.uplugin
LogPluginManager: Loaded Plugin MessagingDebugger, From C:/Program Files (x86)/Epic Games/4.13/Engine/Plugins/Messaging/MessagingDebugger/MessagingDebugger.uplugin
LogPluginManager: Loaded Plugin TcpMessaging, From C:/Program Files (x86)/Epic Games/4.13/Engine/Plugins/Messaging/TcpMessaging/TcpMessaging.uplugin
LogPluginManager: Loaded Plugin UdpMessaging, From C:/Program Files (x86)/Epic Games/4.13/Engine/Plugins/Messaging/UdpMessaging/UdpMessaging.uplugin
LogPluginManager: Loaded Plugin LevelSequenceEditor, From C:/Program Files (x86)/Epic Games/4.13/Engine/Plugins/MovieScene/LevelSequenceEditor/LevelSequenceEditor.uplugin
LogPluginManager: Loaded Plugin MatineeToLevelSequence, From C:/Program Files (x86)/Epic Games/4.13/Engine/Plugins/MovieScene/MatineeToLevelSequence/MatineeToLevelSequence.uplugin
LogPluginManager: Loaded Plugin NetcodeUnitTest, From C:/Program Files (x86)/Epic Games/4.13/Engine/Plugins/NetcodeUnitTest/NetcodeUnitTest/NetcodeUnitTest.uplugin
LogPluginManager: Loaded Plugin NUTUnrealEngine4, From C:/Program Files (x86)/Epic Games/4.13/Engine/Plugins/NetcodeUnitTest/NUTUnrealEngine4/NUTUnrealEngine4.uplugin
LogPluginManager: Loaded Plugin OnlineSubsystemGooglePlay, From C:/Program Files (x86)/Epic Games/4.13/Engine/Plugins/Online/Android/OnlineSubsystemGooglePlay/OnlineSubsystemGooglePlay.uplugin
LogPluginManager: Loaded Plugin OnlineSubsystemIOS, From C:/Program Files (x86)/Epic Games/4.13/Engine/Plugins/Online/IOS/OnlineSubsystemIOS/OnlineSubsystemIOS.uplugin
LogPluginManager: Loaded Plugin OnlineFramework, From C:/Program Files (x86)/Epic Games/4.13/Engine/Plugins/Online/OnlineFramework/OnlineFramework.uplugin
LogPluginManager: Loaded Plugin OnlineSubsystem, From C:/Program Files (x86)/Epic Games/4.13/Engine/Plugins/Online/OnlineSubsystem/OnlineSubsystem.uplugin
LogPluginManager: Loaded Plugin OnlineSubsystemAmazon, From C:/Program Files (x86)/Epic Games/4.13/Engine/Plugins/Online/OnlineSubsystemAmazon/OnlineSubsystemAmazon.uplugin
LogPluginManager: Loaded Plugin OnlineSubsystemFacebook, From C:/Program Files (x86)/Epic Games/4.13/Engine/Plugins/Online/OnlineSubsystemFacebook/OnlineSubsystemFacebook.uplugin
LogPluginManager: Loaded Plugin OnlineSubsystemNull, From C:/Program Files (x86)/Epic Games/4.13/Engine/Plugins/Online/OnlineSubsystemNull/OnlineSubsystemNull.uplugin
LogPluginManager: Loaded Plugin OnlineSubsystemOculus, From C:/Program Files (x86)/Epic Games/4.13/Engine/Plugins/Online/OnlineSubsystemOculus/OnlineSubsystemOculus.uplugin
LogPluginManager: Loaded Plugin OnlineSubsystemSteam, From C:/Program Files (x86)/Epic Games/4.13/Engine/Plugins/Online/OnlineSubsystemSteam/OnlineSubsystemSteam.uplugin
LogPluginManager: Loaded Plugin OnlineSubsystemUtils, From C:/Program Files (x86)/Epic Games/4.13/Engine/Plugins/Online/OnlineSubsystemUtils/OnlineSubsystemUtils.uplugin
LogPluginManager: Loaded Plugin IOSTapJoy, From C:/Program Files (x86)/Epic Games/4.13/Engine/Plugins/Runtime/Advertising/IOSTapJoy/IOSTapJoy.uplugin
LogPluginManager: Loaded Plugin AnalyticsBlueprintLibrary, From C:/Program Files (x86)/Epic Games/4.13/Engine/Plugins/Runtime/Analytics/AnalyticsBlueprintLibrary/AnalyticsBlueprintLibrary.uplugin
LogPluginManager: Loaded Plugin AnalyticsMulticast, From C:/Program Files (x86)/Epic Games/4.13/Engine/Plugins/Runtime/Analytics/AnalyticsMulticast/AnalyticsMulticast.uplugin
LogPluginManager: Loaded Plugin Apsalar, From C:/Program Files (x86)/Epic Games/4.13/Engine/Plugins/Runtime/Analytics/Apsalar/Apsalar.uplugin
LogPluginManager: Loaded Plugin FileLogging, From C:/Program Files (x86)/Epic Games/4.13/Engine/Plugins/Runtime/Analytics/FileLogging/FileLogging.uplugin
LogPluginManager: Loaded Plugin Flurry, From C:/Program Files (x86)/Epic Games/4.13/Engine/Plugins/Runtime/Analytics/Flurry/Flurry.uplugin
LogPluginManager: Loaded Plugin AndroidDeviceProfileSelector, From C:/Program Files (x86)/Epic Games/4.13/Engine/Plugins/Runtime/AndroidDeviceProfileSelector/AndroidDeviceProfileSelector.uplugin
LogPluginManager: Loaded Plugin AndroidMoviePlayer, From C:/Program Files (x86)/Epic Games/4.13/Engine/Plugins/Runtime/AndroidMoviePlayer/AndroidMoviePlayer.uplugin
LogPluginManager: Loaded Plugin AppleMoviePlayer, From C:/Program Files (x86)/Epic Games/4.13/Engine/Plugins/Runtime/AppleMoviePlayer/AppleMoviePlayer.uplugin
LogPluginManager: Loaded Plugin ArchVisCharacter, From C:/Program Files (x86)/Epic Games/4.13/Engine/Plugins/Runtime/ArchVisCharacter/ArchVisCharacter.uplugin
LogPluginManager: Loaded Plugin CableComponent, From C:/Program Files (x86)/Epic Games/4.13/Engine/Plugins/Runtime/CableComponent/CableComponent.uplugin
LogPluginManager: Loaded Plugin CustomMeshComponent, From C:/Program Files (x86)/Epic Games/4.13/Engine/Plugins/Runtime/CustomMeshComponent/CustomMeshComponent.uplugin
LogPluginManager: Loaded Plugin ExampleDeviceProfileSelector, From C:/Program Files (x86)/Epic Games/4.13/Engine/Plugins/Runtime/ExampleDeviceProfileSelector/ExampleDeviceProfileSelector.uplugin
LogPluginManager: Loaded Plugin GearVR, From C:/Program Files (x86)/Epic Games/4.13/Engine/Plugins/Runtime/GearVR/GearVR.uplugin
LogPluginManager: Loaded Plugin GoogleVRController, From C:/Program Files (x86)/Epic Games/4.13/Engine/Plugins/Runtime/GoogleVR/GoogleVRController/GoogleVRController.uplugin
LogPluginManager: Loaded Plugin GoogleVRHMD, From C:/Program Files (x86)/Epic Games/4.13/Engine/Plugins/Runtime/GoogleVR/GoogleVRHMD/GoogleVRHMD.uplugin
LogPluginManager: Loaded Plugin IOSDeviceProfileSelector, From C:/Program Files (x86)/Epic Games/4.13/Engine/Plugins/Runtime/IOSDeviceProfileSelector/IOSDeviceProfileSelector.uplugin
LogPluginManager: Loaded Plugin LeapMotion, From C:/Program Files (x86)/Epic Games/4.13/Engine/Plugins/Runtime/LeapMotion/LeapMotion.uplugin
LogPluginManager: Loaded Plugin LinuxDeviceProfileSelector, From C:/Program Files (x86)/Epic Games/4.13/Engine/Plugins/Runtime/LinuxDeviceProfileSelector/LinuxDeviceProfileSelector.uplugin
LogPluginManager: Loaded Plugin LiveEditorListenServer, From C:/Program Files (x86)/Epic Games/4.13/Engine/Plugins/Runtime/LiveEditorListenServer/LiveEditorListenServer.uplugin
LogPluginManager: Loaded Plugin OculusAudio, From C:/Program Files (x86)/Epic Games/4.13/Engine/Plugins/Runtime/OculusAudio/OculusAudio.uplugin
LogPluginManager: Loaded Plugin OculusInput, From C:/Program Files (x86)/Epic Games/4.13/Engine/Plugins/Runtime/OculusInput/OculusInput.uplugin
LogPluginManager: Loaded Plugin OculusLibrary, From C:/Program Files (x86)/Epic Games/4.13/Engine/Plugins/Runtime/OculusLibrary/OculusLibrary.uplugin
LogPluginManager: Loaded Plugin OculusRift, From C:/Program Files (x86)/Epic Games/4.13/Engine/Plugins/Runtime/OculusRift/OculusRift.uplugin
LogPluginManager: Loaded Plugin Oodle, From C:/Program Files (x86)/Epic Games/4.13/Engine/Plugins/Runtime/PacketHandlers/CompressionComponents/Oodle/Oodle.uplugin
LogPluginManager: Loaded Plugin ProceduralMeshComponent, From C:/Program Files (x86)/Epic Games/4.13/Engine/Plugins/Runtime/ProceduralMeshComponent/ProceduralMeshComponent.uplugin
LogPluginManager: Loaded Plugin SoundMod, From C:/Program Files (x86)/Epic Games/4.13/Engine/Plugins/Runtime/SoundMod/SoundMod.uplugin
LogPluginManager: Loaded Plugin SoundVisualizations, From C:/Program Files (x86)/Epic Games/4.13/Engine/Plugins/Runtime/SoundVisualizations/SoundVisualizations.uplugin
LogPluginManager: Loaded Plugin SteamController, From C:/Program Files (x86)/Epic Games/4.13/Engine/Plugins/Runtime/Steam/SteamController/SteamController.uplugin
LogPluginManager: Loaded Plugin SteamVR, From C:/Program Files (x86)/Epic Games/4.13/Engine/Plugins/Runtime/Steam/SteamVR/SteamVR.uplugin
LogPluginManager: Loaded Plugin WebBrowserWidget, From C:/Program Files (x86)/Epic Games/4.13/Engine/Plugins/Runtime/WebBrowserWidget/WebBrowserWidget.uplugin
LogPluginManager: Loaded Plugin WindowsDeviceProfileSelector, From C:/Program Files (x86)/Epic Games/4.13/Engine/Plugins/Runtime/WindowsDeviceProfileSelector/WindowsDeviceProfileSelector.uplugin
LogPluginManager: Loaded Plugin WindowsMoviePlayer, From C:/Program Files (x86)/Epic Games/4.13/Engine/Plugins/Runtime/WindowsMoviePlayer/WindowsMoviePlayer.uplugin
LogPluginManager: Loaded Plugin ScriptPlugin, From C:/Program Files (x86)/Epic Games/4.13/Engine/Plugins/ScriptPlugin/ScriptPlugin.uplugin
LogPluginManager: Loaded Plugin SlateRemote, From C:/Program Files (x86)/Epic Games/4.13/Engine/Plugins/Slate/SlateRemote/SlateRemote.uplugin
LogInit: Using libcurl 7.47.1
LogInit:  - built for x86_64-pc-win32
LogInit:  - supports SSL with WinSSL
LogInit:  - other features:
LogInit:      CURL_VERSION_SSL
LogInit:      CURL_VERSION_IPV6
LogInit:      CURL_VERSION_ASYNCHDNS
LogInit:      CURL_VERSION_LARGEFILE
LogInit:      CURL_VERSION_IDN
LogInit:  CurlRequestOptions (configurable via config and command line):
LogInit:  - bVerifyPeer = false  - Libcurl will NOT verify peer certificate
LogInit:  - bUseHttpProxy = false  - Libcurl will NOT use HTTP proxy
LogInit:  - bDontReuseConnections = false  - Libcurl will reuse connections
LogInit:  - CertBundlePath = nullptr  - Libcurl will use whatever was configured at build time.
LogInit: Build: ++UE4+Release-4.13-CL-3172292
LogInit: Engine Version: 4.13.2-3172292+++UE4+Release-4.13
LogInit: Compatible Engine Version: 4.13.0-3106830+++UE4+Release-4.13
LogInit: Net CL: 3172292
LogDevObjectVersion: Number of dev versions registered: 13
LogDevObjectVersion:   Dev-Blueprints (B0D832E4-1F89-4F0D-ACCF-7EB736FD4AA2): 5
LogDevObjectVersion:   Dev-Build (E1C64328-A22C-4D53-A36C-8E866417BD8C): 0
LogDevObjectVersion:   Dev-Core (375EC13C-06E4-48FB-B500-84F0262A717E): 1
LogDevObjectVersion:   Dev-Editor (E4B068ED-F494-42E9-A231-DA0B2E46BB41): 6
LogDevObjectVersion:   Dev-Framework (CFFC743F-43B0-4480-9391-14DF171D2073): 12
LogDevObjectVersion:   Dev-Mobile (B02B49B5-BB20-44E9-A304-32B752E40360): 0
LogDevObjectVersion:   Dev-Networking (A4E4105C-59A1-49B5-A7C5-40C4547EDFEE): 0
LogDevObjectVersion:   Dev-Online (39C831C9-5AE6-47DC-9A44-9C173E1C8E7C): 0
LogDevObjectVersion:   Dev-Physics (78F01B33-EBEA-4F98-B9B4-84EACCB95AA2): 0
LogDevObjectVersion:   Dev-Platform (6631380F-2D4D-43E0-8009-CF276956A95A): 0
LogDevObjectVersion:   Dev-Rendering (12F88B9F-8875-4AFC-A67C-D90C383ABD29): 4
LogDevObjectVersion:   Dev-Sequencer (7B5AE74C-D270-4C10-A958-57980B212A5A): 0
LogDevObjectVersion:   Dev-VR (D7296918-1DD6-4BDD-9DE2-64A83CC13884): 0
LogInit: Compiled (64-bit): Oct 24 2016 14:29:06
LogInit: Compiled with Visual C++: 19.00.23026.00
LogInit: Build Configuration: Development
LogInit: Branch Name: ++UE4+Release-4.13
LogInit: Command line: -EpicPortal 
LogInit: Base directory: C:/Program Files (x86)/Epic Games/4.13/Engine/Binaries/Win64/
LogInit: Installed Engine Build: 1
LogInit: Presizing for max 8388607 objects, including 0 objects not considered by GC, pre-allocating 0 bytes for permanent pool.
LogInit: Object subsystem initialized
[2017.01.19-05.51.26:749][  0]LogInit: Selected Device Profile: [Windows]
[2017.01.19-05.51.26:749][  0]LogInit: Applying CVar settings loaded from the selected device profile: [Windows]
[2017.01.19-05.51.26:761][  0]LogInit: Computer: DOHYUNYUNPC
[2017.01.19-05.51.26:762][  0]LogInit: User: DohyunYun
[2017.01.19-05.51.26:762][  0]LogInit: CPU Page size=65536, Cores=4
[2017.01.19-05.51.26:762][  0]LogInit: High frequency timer resolution =3.234376 MHz
[2017.01.19-05.51.26:762][  0]LogMemory: Memory total: Physical=15.9GB (16GB approx)
[2017.01.19-05.51.26:762][  0]LogMemory: Platform Memory Stats for Windows
[2017.01.19-05.51.26:762][  0]LogMemory: Process Physical Memory: 255.70 MB used, 255.70 MB peak
[2017.01.19-05.51.26:762][  0]LogMemory: Process Virtual Memory: 259.85 MB used, 259.85 MB peak
[2017.01.19-05.51.26:762][  0]LogMemory: Physical Memory: 5428.87 MB used, 16295.77 MB total
[2017.01.19-05.51.26:762][  0]LogMemory: Virtual Memory: 622.02 MB used, 134217728.00 MB total
[2017.01.19-05.51.26:805][  0]LogTextLocalizationManager: No specific translations for ('ko-KR') exist, so ('ko') translations will be used.
[2017.01.19-05.51.26:921][  0]LogTextLocalizationManager:Warning: Loaded localization resources contain conflicting entries for (Namespace:UObjectToolTips, Key:AnimNode_AssetPlayerBase:bIgnoreForRelevancyTest):
Localization Resource: (C:/Program Files (x86)/Epic Games/4.13/Engine/Content/Localization/EditorTutorials/ko/EditorTutorials.locres) Source String Hash: (319969718) Localized String: (True 면, 스테이트에서 최고 가중치 애니메이션을 찾는 "Relevant anim" 노드는 이 노드를 
무시합니다.)
Localization Resource: (C:/Program Files (x86)/Epic Games/4.13/Engine/Content/Localization/Engine/ko/Engine.locres) Source String Hash: (319969718) Localized String: (True 면 스테이트 내 최고 웨이팅된 애니메이션을 찾는 "Relevant anim" 노드가 무시됩니다.
 )
[2017.01.19-05.51.26:921][  0]LogTextLocalizationManager:Warning: Loaded localization resources contain conflicting entries for (Namespace:UObjectToolTips, Key:AnimNode_AssetPlayerBase:BlendWeight):
Localization Resource: (C:/Program Files (x86)/Epic Games/4.13/Engine/Content/Localization/EditorTutorials/ko/EditorTutorials.locres) Source String Hash: (-1232800293) Localized String: (이 노드에 마지막 걸린 블렌드웨이트 입니다.)
Localization Resource: (C:/Program Files (x86)/Epic Games/4.13/Engine/Content/Localization/Engine/ko/Engine.locres) Source String Hash: (-1232800293) Localized String: (이 노드에 대해 마지막 접한 블렌드 웨이트)
[2017.01.19-05.51.27:420][  0]LogD3D11RHI: D3D11 adapters:
[2017.01.19-05.51.27:454][  0]LogD3D11RHI:    0. 'NVIDIA GeForce GTX 960' (Feature Level 11_0)
[2017.01.19-05.51.27:454][  0]LogD3D11RHI:       4061/0/8147 MB DedicatedVideo/DedicatedSystem/SharedSystem, Outputs:2, VendorId:0x10de
[2017.01.19-05.51.27:456][  0]LogD3D11RHI:    1. 'Microsoft Basic Render Driver' (Feature Level 11_0)
[2017.01.19-05.51.27:456][  0]LogD3D11RHI:       0/0/8147 MB DedicatedVideo/DedicatedSystem/SharedSystem, Outputs:0, VendorId:0x1414
[2017.01.19-05.51.27:456][  0]LogD3D11RHI: Chosen D3D11 Adapter: 0
[2017.01.19-05.51.27:460][  0]LogD3D11RHI: Creating new Direct3DDevice
[2017.01.19-05.51.27:460][  0]LogD3D11RHI:     GPU DeviceId: 0x1401 (for the marketing name, search the web for "GPU Device Id")
[2017.01.19-05.51.27:460][  0]LogWindows: EnumDisplayDevices:
[2017.01.19-05.51.27:461][  0]LogWindows:    0. 'NVIDIA GeForce GTX 960' (P:1 D:1)
[2017.01.19-05.51.27:461][  0]LogWindows:    1. 'NVIDIA GeForce GTX 960' (P:0 D:1)
[2017.01.19-05.51.27:462][  0]LogWindows:    2. 'NVIDIA GeForce GTX 960' (P:0 D:0)
[2017.01.19-05.51.27:463][  0]LogWindows:    3. 'NVIDIA GeForce GTX 960' (P:0 D:0)
[2017.01.19-05.51.27:463][  0]LogWindows: DebugString: FoundDriverCount:4 
[2017.01.19-05.51.27:463][  0]LogD3D11RHI:     Adapter Name: NVIDIA GeForce GTX 960
[2017.01.19-05.51.27:463][  0]LogD3D11RHI:   Driver Version: 373.06 (internal:21.21.13.7306, unified:373.06)
[2017.01.19-05.51.27:463][  0]LogD3D11RHI:      Driver Date: 10-1-2016
[2017.01.19-05.51.27:463][  0]LogRHI: Texture pool is 1361 MB (70% of 1945 MB)
[2017.01.19-05.51.27:477][  0]LogD3D11RHI: Async texture creation enabled
[2017.01.19-05.51.27:487][  0]LogD3D11RHI: GPU Timing Frequency: 1000.000000 (Debug: 2 1)
[2017.01.19-05.51.27:488][  0]LogShaderCompilers: Guid format shader working directory is -18 characters bigger than the processId version (../../../../../../Users/DohyunYun/Desktop/ReturnOfKing/ReturnOfKing/Intermediate/Shaders/WorkingDirectory/3312/).
[2017.01.19-05.51.27:488][  0]LogShaderCompilers: Cleaned the shader compiler working directory 'C:/Users/DOHYUN~1/AppData/Local/Temp/UnrealShaderWorkingDir/A70CDE2F4167522DB4AB36AD59F48674/'.
[2017.01.19-05.51.27:488][  0]LogShaderCompilers:Display: Using Local Shader Compiler.
[2017.01.19-05.51.28:532][  0]LogTemp:Display: Loaded TP AllDesktopTargetPlatform
[2017.01.19-05.51.28:540][  0]LogTemp:Display: Loaded TP WindowsClientTargetPlatform
[2017.01.19-05.51.28:548][  0]LogTemp:Display: Loaded TP WindowsNoEditorTargetPlatform
[2017.01.19-05.51.28:556][  0]LogTemp:Display: Loaded TP WindowsServerTargetPlatform
[2017.01.19-05.51.28:564][  0]LogTemp:Display: Loaded TP WindowsTargetPlatform
[2017.01.19-05.51.28:571][  0]LogTemp:Display: Loaded TP AndroidTargetPlatform
[2017.01.19-05.51.28:577][  0]LogTemp:Display: Loaded TP Android_ASTCTargetPlatform
[2017.01.19-05.51.28:584][  0]LogTemp:Display: Loaded TP Android_ATCTargetPlatform
[2017.01.19-05.51.28:591][  0]LogTemp:Display: Loaded TP Android_DXTTargetPlatform
[2017.01.19-05.51.28:599][  0]LogTemp:Display: Loaded TP Android_ETC1TargetPlatform
[2017.01.19-05.51.28:606][  0]LogTemp:Display: Loaded TP Android_ETC2TargetPlatform
[2017.01.19-05.51.28:621][  0]LogTemp:Display: Loaded TP Android_MultiTargetPlatform
[2017.01.19-05.51.28:621][  0]LogTemp:Display: Loaded TP Android_PVRTCTargetPlatform
[2017.01.19-05.51.28:622][  0]LogTemp:Display: Loaded TP HTML5TargetPlatform
[2017.01.19-05.51.28:644][  0]LogTemp:Display: Loaded TP IOSTargetPlatform
[2017.01.19-05.51.28:650][  0]LogTemp:Display: Loaded TP TVOSTargetPlatform
[2017.01.19-05.51.28:657][  0]LogTemp:Display: Loaded TP LinuxClientTargetPlatform
[2017.01.19-05.51.28:664][  0]LogTemp:Display: Loaded TP LinuxNoEditorTargetPlatform
[2017.01.19-05.51.28:671][  0]LogTemp:Display: Loaded TP LinuxServerTargetPlatform
[2017.01.19-05.51.28:678][  0]LogTemp:Display: Loaded TP LinuxTargetPlatform
[2017.01.19-05.51.28:678][  0]LogTargetPlatformManager:Display: Building Assets For Windows
[2017.01.19-05.51.28:750][  0]LogDerivedDataCache:Display: Max Cache Size: 512 MB
[2017.01.19-05.51.28:802][  0]LogDerivedDataCache: Loaded boot cache 0.05s 62MB C:/Users/DohyunYun/AppData/Local/UnrealEngine/4.13/DerivedDataCache/Boot.ddc.
[2017.01.19-05.51.28:802][  0]LogDerivedDataCache:Display: Loaded Boot cache: C:/Users/DohyunYun/AppData/Local/UnrealEngine/4.13/DerivedDataCache/Boot.ddc
[2017.01.19-05.51.28:802][  0]LogDerivedDataCache: FDerivedDataBackendGraph:  Pak pak cache file ../../../../../../Users/DohyunYun/Desktop/ReturnOfKing/ReturnOfKing/DerivedDataCache/DDC.ddp not found, will not use a pak cache.
[2017.01.19-05.51.28:802][  0]LogDerivedDataCache: Unable to find inner node Pak for hierarchical cache Hierarchy.
[2017.01.19-05.51.28:802][  0]LogDerivedDataCache: FDerivedDataBackendGraph:  CompressedPak pak cache file ../../../../../../Users/DohyunYun/Desktop/ReturnOfKing/ReturnOfKing/DerivedDataCache/Compressed.ddp not found, will not use a pak cache.
[2017.01.19-05.51.28:802][  0]LogDerivedDataCache: Unable to find inner node CompressedPak for hierarchical cache Hierarchy.
[2017.01.19-05.51.28:817][  0]LogDerivedDataCache:Display: Pak cache opened for reading ../../../Engine/DerivedDataCache/Compressed.ddp.
[2017.01.19-05.51.28:830][  0]LogDerivedDataCache: Using Local data cache path C:/Users/DohyunYun/AppData/Local/UnrealEngine/Common/DerivedDataCache: Writable
[2017.01.19-05.51.29:039][  0]LogInit: Selected Device Profile: [Windows]
[2017.01.19-05.51.29:042][  0]LogContentStreaming: Texture pool size is 0.00 MB
[2017.01.19-05.51.29:120][  0]LogMeshUtilities: No automatic mesh reduction module available
[2017.01.19-05.51.29:120][  0]LogMeshUtilities: No automatic mesh merging module available
[2017.01.19-05.51.29:120][  0]LogMeshUtilities: No distributed automatic mesh merging module available
[2017.01.19-05.51.29:186][  0]LogMaterial: Uniform references updated for custom material expression Custom.
[2017.01.19-05.51.29:455][  0]LogNetVersion: GetLocalNetworkVersion: CL: 3106830, ProjectName: returnofking, ProjectVersion: , EngineNetworkVersion: 1, GameNetworkVersion: 0, NetworkChecksum: 2324284593
[2017.01.19-05.51.29:491][  0]LogAssetRegistry: FAssetRegistry took 0.0212 seconds to start up
[2017.01.19-05.51.29:534][  0]LogPackageLocalizationCache: Processed 3 localized package path(s) for 2 prioritized culture(s) in 0.040935 seconds
[2017.01.19-05.51.29:538][  0]LogUObjectArray: 29778 objects as part of root set at end of initial load.
[2017.01.19-05.51.29:538][  0]LogUObjectAllocator: 6125456 out of 0 bytes used by permanent object pool.
[2017.01.19-05.51.29:538][  0]LogUObjectArray: CloseDisregardForGC: 0/0 objects in disregard for GC pool
[2017.01.19-05.51.29:543][  0]LogInit: WinSock: version 1.1 (2.2), MaxSocks=32767, MaxUdp=65467
[2017.01.19-05.51.29:765][  0]LogSlate: SlateFontCache - WITH_FREETYPE: 1, WITH_HARFBUZZ: 1
[2017.01.19-05.51.29:765][  0]LogSlate: SlateFontCache - WITH_FREETYPE: 1, WITH_HARFBUZZ: 1
[2017.01.19-05.51.30:789][  0]LogTcpMessaging: Initializing TcpMessaging bridge
[2017.01.19-05.51.30:829][  0]LogUdpMessaging: Initializing bridge on interface 0.0.0.0:0 to multicast group 230.0.0.1:6666.
[2017.01.19-05.51.31:084][  0]SourceControl: 정보 소스 콘트롤이 꺼졌습니다.
[2017.01.19-05.51.31:190][  0]SourceControl: 정보 소스 콘트롤이 꺼졌습니다.
[2017.01.19-05.51.31:198][  0]SourceControl: 정보 소스 콘트롤이 꺼졌습니다.
[2017.01.19-05.51.31:206][  0]SourceControl: 정보 소스 콘트롤이 꺼졌습니다.
[2017.01.19-05.51.31:269][  0]LogLinker:Warning: '/Game/ThirdPersonBP/ThirdPersonOverview' 파일을 찾을 수 없습니다.
[2017.01.19-05.51.31:269][  0]LogLinker:Warning: '/Game/ThirdPersonBP/ThirdPersonOverview' 파일을 찾을 수 없습니다.
[2017.01.19-05.51.31:269][  0]LogUObjectGlobals:Warning: 'Class /Game/ThirdPersonBP/ThirdPersonOverview.ThirdPersonOverview_C' 오브젝트를 찾는 데 실패했습니다.
[2017.01.19-05.51.31:460][  0]LogEngine: Initializing Engine...
[2017.01.19-05.51.31:461][  0]LogHMD: Failed to initialize OpenVR with code 110
[2017.01.19-05.51.31:587][  0]LogAIModule: Creating AISystem for world Untitled
[2017.01.19-05.51.31:645][  0]LogInit: XAudio2 using '스피커(Realtek High Definition Audio)' : 2 channels at 48 kHz using 32 bits per sample (channel mask 0x3)
[2017.01.19-05.51.31:694][  0]LogInit: FAudioDevice initialized.
[2017.01.19-05.51.31:722][  0]LogDerivedDataCache: Saved boot cache 0.03s 62MB C:/Users/DohyunYun/AppData/Local/UnrealEngine/4.13/DerivedDataCache/Boot.ddc.
[2017.01.19-05.51.31:726][  0]LogInit: Texture streaming: Enabled
[2017.01.19-05.51.31:755][  0]LogInit: Transaction tracking system initialized
[2017.01.19-05.51.31:773][  0]BlueprintLog: New page: 에디터 로드
[2017.01.19-05.51.32:398][  0]LocalizationService: 정보 현지화 서비스가 비활성화되었습니다.
[2017.01.19-05.51.33:053][  0]LogConsoleResponse:Display: 
[2017.01.19-05.51.33:161][  0]LogFileCache: Scanning file cache for directory 'C:/Users/DohyunYun/Desktop/ReturnOfKing/ReturnOfKing/Content/' took 0.01s
[2017.01.19-05.51.33:161][  0]LogCook:Display: Max memory allowance for cook 16384mb min free memory 0mb
[2017.01.19-05.51.33:161][  0]LogCook:Display: Mobile HDR setting 1
[2017.01.19-05.51.33:303][  0]SourceControl: 정보 소스 콘트롤이 꺼졌습니다.
[2017.01.19-05.51.33:303][  0]Cmd: MAP LOAD FILE="../../../Engine/Content/Maps/Templates/Template_Default.umap" TEMPLATE=1 SHOWPROGRESS=1 FEATURELEVEL=3
[2017.01.19-05.51.33:304][  0]LightingResults: New page: 라이팅 빌드
[2017.01.19-05.51.33:306][  0]MapCheck: New page: 맵 체크
[2017.01.19-05.51.33:306][  0]LightingResults: New page: 라이팅 빌드
[2017.01.19-05.51.33:509][  0]LogAIModule: Creating AISystem for world Untitled_1
[2017.01.19-05.51.33:516][  0]LogEditorServer: Finished looking for orphan Actors (0.000 secs)
[2017.01.19-05.51.33:523][  0]Cmd: MAP CHECKDEP NOCLEARLOG
[2017.01.19-05.51.33:608][  0]MapCheck: 정보 맵 체크 완료: 오류 0 회, 경고 0 회, 소요 시간 85.09ms.
[2017.01.19-05.51.33:608][  0]LogFileHelpers: Loading map 'Template_Default' took 0.305
[2017.01.19-05.51.33:745][  0]LogCollectionManager: Loaded 0 collections in 0.001231 seconds
[2017.01.19-05.51.33:794][  0]LogFileCache: Scanning file cache for directory 'C:/Users/DohyunYun/Desktop/ReturnOfKing/ReturnOfKing/Saved/Collections/' took 0.01s
[2017.01.19-05.51.33:794][  0]LogFileCache: Scanning file cache for directory 'C:/Users/DohyunYun/Desktop/ReturnOfKing/ReturnOfKing/Content/Developers/DohyunYun/Collections/' took 0.01s
[2017.01.19-05.51.33:794][  0]LogFileCache: Scanning file cache for directory 'C:/Users/DohyunYun/Desktop/ReturnOfKing/ReturnOfKing/Content/Collections/' took 0.01s
[2017.01.19-05.51.33:794][  0]LogCollectionManager: Rebuilt the GUID cache for 0 collections in 0.000002 seconds
[2017.01.19-05.51.33:803][  0]LogContentBrowser: Native class hierarchy populated in 0.0083 seconds. Added 2146 classes and 422 folders.
[2017.01.19-05.51.33:807][  0]LogStats: UGameplayTagsManager::ConstructGameplayTagTree: Construct from data asset -  0.000 s
[2017.01.19-05.51.33:807][  0]LogStats: UGameplayTagsManager::ConstructGameplayTagTree: GameplayTagTreeChangedEvent.Broadcast -  0.000 s
[2017.01.19-05.51.33:808][  0]LogContentBrowser: Native class hierarchy updated for 'GameplayTags' in 0.0013 seconds. Added 12 classes and 0 folders.
[2017.01.19-05.51.33:813][  0]LogContentBrowser: Native class hierarchy updated for 'WidgetCarousel' in 0.0012 seconds. Added 0 classes and 0 folders.
[2017.01.19-05.51.34:010][  0]LogContentBrowser: Native class hierarchy updated for 'AddContentDialog' in 0.0030 seconds. Added 0 classes and 0 folders.
[2017.01.19-05.51.34:015][  0]LogContentBrowser: Native class hierarchy updated for 'SceneOutliner' in 0.0015 seconds. Added 1 classes and 2 folders.
[2017.01.19-05.51.34:060][  0]LogCrashTracker: Crashtracker disabled due to settings.
[2017.01.19-05.51.34:066][  0]LogUObjectGlobals:Warning: 'Class 없음.' 오브젝트를 찾는 데 실패했습니다.
[2017.01.19-05.51.34:099][  0]LogContentBrowser: Native class hierarchy updated for 'HierarchicalLODOutliner' in 0.0012 seconds. Added 1 classes and 2 folders.
[2017.01.19-05.51.34:099][  0]LogLoad: (Engine Initialization) Total time: 8.34 seconds
[2017.01.19-05.51.34:099][  0]LogLoad: (Engine Initialization) Total Blueprint compile time: 0.04 seconds
[2017.01.19-05.51.34:099][  0]LogExternalProfiler: Found external profiler: VSPerf
[2017.01.19-05.51.34:099][  0]LogExternalProfiler: Using external profiler: VSPerf
[2017.01.19-05.51.34:127][  0]LogWindowsTextInputMethodSystem:Display: IME system now activated using TSF (Microsoft 입력기).
[2017.01.19-05.51.34:130][  0]LogOcInput: OculusInput pre-init called
[2017.01.19-05.51.34:153][  0]LogContentStreaming: Texture pool size now 1000 MB
[2017.01.19-05.51.34:303][  0]LogRenderer: Reallocating scene render targets to support 1208x668 (Frame:2).
[2017.01.19-05.51.34:390][  1]LogAssetRegistry: Asset discovery search completed in 4.9208 seconds
[2017.01.19-05.51.34:390][  1]LogCollectionManager: Rebuilt the object cache for 0 collections in 0.000001 seconds (found 0 objects)
[2017.01.19-05.51.34:390][  1]LogCollectionManager: Fixed up redirectors for 0 collections in 0.000016 seconds (updated 0 objects)
[2017.01.19-05.51.54:798][242]LogWindowsTextInputMethodSystem:Display: IME system now activated using TSF (Microsoft 입력기).
[2017.01.19-05.51.54:973][243]Cmd: QUIT_EDITOR
[2017.01.19-05.51.55:030][243]LogExit: Preparing to exit.
[2017.01.19-05.51.55:967][243]LogDirectoryWatcher: A directory notification for 'C:/Users/DohyunYun/Desktop/ReturnOfKing/ReturnOfKing/Content/' was aborted.
[2017.01.19-05.51.55:987][243]LogExit: Editor shut down
[2017.01.19-05.51.55:987][243]LogExit: Transaction tracking system shut down
[2017.01.19-05.51.56:080][243]LogObj: Freed 0b from 0 cluster array pools.
[2017.01.19-05.51.56:080][243]LogExit: Object subsystem successfully closed.
[2017.01.19-05.51.56:096][243]LogD3D11RHI: Shutdown
[2017.01.19-05.51.56:096][243]LogD3D11RHI: CleanupD3DDevice
[2017.01.19-05.51.56:134][243]LogD3D11RHI: ~FD3D11DynamicRHI
[2017.01.19-05.51.56:181][243]LogModuleManager: Shutting down and abandoning module HierarchicalLODOutliner (236)
[2017.01.19-05.51.56:181][243]LogModuleManager: Shutting down and abandoning module CrashTracker (235)
[2017.01.19-05.51.56:181][243]LogModuleManager: Shutting down and abandoning module SceneOutliner (234)
[2017.01.19-05.51.56:181][243]LogModuleManager: Shutting down and abandoning module WidgetCarousel (233)
[2017.01.19-05.51.56:181][243]LogModuleManager: Shutting down and abandoning module AddContentDialog (232)
[2017.01.19-05.51.56:181][243]LogDirectoryWatcher: A directory notification for 'C:/Program Files (x86)/Epic Games/4.13/FeaturePacks/' was aborted.
[2017.01.19-05.51.56:182][243]LogModuleManager: Shutting down and abandoning module GameplayTags (231)
[2017.01.19-05.51.56:182][243]LogModuleManager: Shutting down and abandoning module EditorWidgets (230)
[2017.01.19-05.51.56:182][243]LogModuleManager: Shutting down and abandoning module CollectionManager (229)
[2017.01.19-05.51.56:182][243]LogDirectoryWatcher: A directory notification for 'C:/Users/DohyunYun/Desktop/ReturnOfKing/ReturnOfKing/Content/Collections/' was aborted.
[2017.01.19-05.51.56:182][243]LogDirectoryWatcher: A directory notification for 'C:/Users/DohyunYun/Desktop/ReturnOfKing/ReturnOfKing/Content/Developers/DohyunYun/Collections/' was aborted.
[2017.01.19-05.51.56:182][243]LogDirectoryWatcher: A directory notification for 'C:/Users/DohyunYun/Desktop/ReturnOfKing/ReturnOfKing/Saved/Collections/' was aborted.
[2017.01.19-05.51.56:182][243]LogModuleManager: Shutting down and abandoning module StatsViewer (228)
[2017.01.19-05.51.56:182][243]LogModuleManager: Shutting down and abandoning module FoliageEdit (227)
[2017.01.19-05.51.56:182][243]LogModuleManager: Shutting down and abandoning module LandscapeEditor (226)
[2017.01.19-05.51.56:182][243]LogModuleManager: Shutting down and abandoning module SceneDepthPickerMode (225)
[2017.01.19-05.51.56:182][243]LogModuleManager: Shutting down and abandoning module ActorPickerMode (224)
[2017.01.19-05.51.56:182][243]LogModuleManager: Shutting down and abandoning module GeometryMode (223)
[2017.01.19-05.51.56:182][243]LogModuleManager: Shutting down and abandoning module TextureAlignMode (222)
[2017.01.19-05.51.56:182][243]LogModuleManager: Shutting down and abandoning module BspMode (221)
[2017.01.19-05.51.56:182][243]LogModuleManager: Shutting down and abandoning module HardwareSurvey (220)
[2017.01.19-05.51.56:182][243]LogModuleManager: Shutting down and abandoning module SequenceRecorderSections (219)
[2017.01.19-05.51.56:182][243]LogModuleManager: Shutting down and abandoning module SequenceRecorder (218)
[2017.01.19-05.51.56:182][243]LogModuleManager: Shutting down and abandoning module AutomationWorker (217)
[2017.01.19-05.51.56:182][243]LogModuleManager: Shutting down and abandoning module MatineeToLevelSequence (216)
[2017.01.19-05.51.56:182][243]LogModuleManager: Shutting down and abandoning module PlacementMode (215)
[2017.01.19-05.51.56:183][243]LogModuleManager: Shutting down and abandoning module LevelSequenceEditor (214)
[2017.01.19-05.51.56:183][243]LogModuleManager: Shutting down and abandoning module WmfMediaFactory (213)
[2017.01.19-05.51.56:183][243]LogModuleManager: Shutting down and abandoning module WmfMediaEditor (212)
[2017.01.19-05.51.56:183][243]LogModuleManager: Shutting down and abandoning module AvfMediaFactory (211)
[2017.01.19-05.51.56:183][243]LogModuleManager: Shutting down and abandoning module AvfMediaEditor (210)
[2017.01.19-05.51.56:183][243]LogModuleManager: Shutting down and abandoning module Media (209)
[2017.01.19-05.51.56:183][243]LogModuleManager: Shutting down and abandoning module AndroidMediaFactory (208)
[2017.01.19-05.51.56:183][243]LogModuleManager: Shutting down and abandoning module AndroidMediaEditor (207)
[2017.01.19-05.51.56:183][243]LogModuleManager: Shutting down and abandoning module CharacterAI (206)
[2017.01.19-05.51.56:183][243]LogModuleManager: Shutting down and abandoning module SmartSnapping (205)
[2017.01.19-05.51.56:183][243]LogModuleManager: Shutting down and abandoning module SessionServices (204)
[2017.01.19-05.51.56:183][243]LogModuleManager: Shutting down and abandoning module ViewportSnapping (203)
[2017.01.19-05.51.56:183][243]LogModuleManager: Shutting down and abandoning module ViewportInteraction (202)
[2017.01.19-05.51.56:183][243]LogModuleManager: Shutting down and abandoning module LogVisualizer (201)
[2017.01.19-05.51.56:183][243]LogModuleManager: Shutting down and abandoning module GameProjectGeneration (200)
[2017.01.19-05.51.56:183][243]LogModuleManager: Shutting down and abandoning module IntroTutorials (199)
[2017.01.19-05.51.56:183][243]LogModuleManager: Shutting down and abandoning module EditorLiveStreaming (198)
[2017.01.19-05.51.56:183][243]LogModuleManager: Shutting down and abandoning module IOSPlatformEditor (197)
[2017.01.19-05.51.56:183][243]LogModuleManager: Shutting down and abandoning module HTML5PlatformEditor (196)
[2017.01.19-05.51.56:183][243]LogModuleManager: Shutting down and abandoning module AndroidDeviceDetection (195)
[2017.01.19-05.51.56:549][243]LogModuleManager: Shutting down and abandoning module AndroidPlatformEditor (194)
[2017.01.19-05.51.56:549][243]LogModuleManager: Shutting down and abandoning module IOSRuntimeSettings (193)
[2017.01.19-05.51.56:549][243]LogModuleManager: Shutting down and abandoning module AndroidRuntimeSettings (192)
[2017.01.19-05.51.56:549][243]LogModuleManager: Shutting down and abandoning module NiagaraEditor (191)
[2017.01.19-05.51.56:549][243]LogModuleManager: Shutting down and abandoning module MergeActors (190)
[2017.01.19-05.51.56:549][243]LogModuleManager: Shutting down and abandoning module SizeMap (189)
[2017.01.19-05.51.56:549][243]LogModuleManager: Shutting down and abandoning module TreeMap (188)
[2017.01.19-05.51.56:549][243]LogModuleManager: Shutting down and abandoning module ReferenceViewer (187)
[2017.01.19-05.51.56:549][243]LogModuleManager: Shutting down and abandoning module LocalizationService (186)
[2017.01.19-05.51.56:549][243]LogModuleManager: Shutting down and abandoning module LocalizationDashboard (185)
[2017.01.19-05.51.56:550][243]LogModuleManager: Shutting down and abandoning module HardwareTargeting (184)
[2017.01.19-05.51.56:550][243]LogModuleManager: Shutting down and abandoning module DeviceProfileEditor (183)
[2017.01.19-05.51.56:550][243]LogModuleManager: Shutting down and abandoning module UndoHistory (182)
[2017.01.19-05.51.56:550][243]LogModuleManager: Shutting down and abandoning module UserFeedback (181)
[2017.01.19-05.51.56:550][243]LogModuleManager: Shutting down and abandoning module XmlParser (180)
[2017.01.19-05.51.56:550][243]LogModuleManager: Shutting down and abandoning module Blutility (179)
[2017.01.19-05.51.56:550][243]LogModuleManager: Shutting down and abandoning module ProjectTargetPlatformEditor (178)
[2017.01.19-05.51.56:550][243]LogModuleManager: Shutting down and abandoning module ProjectSettingsViewer (177)
[2017.01.19-05.51.56:550][243]LogModuleManager: Shutting down and abandoning module InputBindingEditor (176)
[2017.01.19-05.51.56:550][243]LogModuleManager: Shutting down and abandoning module EditorSettingsViewer (175)
[2017.01.19-05.51.56:550][243]LogModuleManager: Shutting down and abandoning module SettingsEditor (174)
[2017.01.19-05.51.56:550][243]LogModuleManager: Shutting down and abandoning module ProjectLauncher (173)
[2017.01.19-05.51.56:550][243]LogModuleManager: Shutting down and abandoning module SessionFrontend (172)
[2017.01.19-05.51.56:550][243]LogModuleManager: Shutting down and abandoning module ProfilerClient (171)
[2017.01.19-05.51.56:550][243]LogModuleManager: Shutting down and abandoning module TargetDeviceServices (170)
[2017.01.19-05.51.56:550][243]LogModuleManager: Shutting down and abandoning module DeviceManager (169)
[2017.01.19-05.51.56:592][243]LogModuleManager: Shutting down and abandoning module AutomationController (168)
[2017.01.19-05.51.56:592][243]LogModuleManager: Shutting down and abandoning module AutomationWindow (167)
[2017.01.19-05.51.56:592][243]LogModuleManager: Shutting down and abandoning module Layers (166)
[2017.01.19-05.51.56:592][243]LogModuleManager: Shutting down and abandoning module ComponentVisualizers (165)
[2017.01.19-05.51.56:592][243]LogModuleManager: Shutting down and abandoning module DetailCustomizations (164)
[2017.01.19-05.51.56:592][243]LogModuleManager: Shutting down and abandoning module PackagesDialog (163)
[2017.01.19-05.51.56:592][243]LogModuleManager: Shutting down and abandoning module AnimGraph (162)
[2017.01.19-05.51.56:592][243]LogModuleManager: Shutting down and abandoning module Persona (161)
[2017.01.19-05.51.56:592][243]LogModuleManager: Shutting down and abandoning module Kismet (160)
[2017.01.19-05.51.56:593][243]LogModuleManager: Shutting down and abandoning module GraphEditor (159)
[2017.01.19-05.51.56:593][243]LogModuleManager: Shutting down and abandoning module ClassViewer (158)
[2017.01.19-05.51.56:593][243]LogModuleManager: Shutting down and abandoning module Toolbox (157)
[2017.01.19-05.51.56:593][243]LogModuleManager: Shutting down and abandoning module ModuleUI (156)
[2017.01.19-05.51.56:593][243]LogModuleManager: Shutting down and abandoning module MovieSceneTools (155)
[2017.01.19-05.51.56:593][243]LogModuleManager: Shutting down and abandoning module OutputLog (154)
[2017.01.19-05.51.56:593][243]LogModuleManager: Shutting down and abandoning module GammaUI (153)
[2017.01.19-05.51.56:593][243]LogModuleManager: Shutting down and abandoning module Documentation (152)
[2017.01.19-05.51.56:593][243]LogModuleManager: Shutting down and abandoning module Niagara (151)
[2017.01.19-05.51.56:593][243]LogModuleManager: Shutting down and abandoning module StreamingPauseRendering (150)
[2017.01.19-05.51.56:593][243]LogModuleManager: Shutting down and abandoning module AnalyticsET (149)
[2017.01.19-05.51.56:593][243]LogModuleManager: Shutting down and abandoning module PortalServices (148)
[2017.01.19-05.51.56:593][243]LogModuleManager: Shutting down and abandoning module PortalRpc (147)
[2017.01.19-05.51.56:593][243]LogModuleManager: Shutting down and abandoning module MessagingRpc (146)
[2017.01.19-05.51.56:593][243]LogModuleManager: Shutting down and abandoning module GameplayDebugger (145)
[2017.01.19-05.51.56:593][243]LogModuleManager: Shutting down and abandoning module AITestSuite (144)
[2017.01.19-05.51.56:594][243]LogModuleManager: Shutting down and abandoning module AIModule (143)
[2017.01.19-05.51.56:594][243]LogModuleManager: Shutting down and abandoning module ProfilerService (142)
[2017.01.19-05.51.56:751][243]LogModuleManager: Shutting down and abandoning module TaskGraph (141)
[2017.01.19-05.51.56:751][243]LogModuleManager: Shutting down and abandoning module SlateRemote (140)
[2017.01.19-05.51.56:751][243]LogModuleManager: Shutting down and abandoning module SteamVRController (139)
[2017.01.19-05.51.56:751][243]LogModuleManager: Shutting down and abandoning module SteamVR (138)
[2017.01.19-05.51.56:751][243]LogModuleManager: Shutting down and abandoning module ProceduralMeshComponentEditor (137)
[2017.01.19-05.51.56:751][243]LogModuleManager: Shutting down and abandoning module ProceduralMeshComponent (136)
[2017.01.19-05.51.56:751][243]LogModuleManager: Shutting down and abandoning module OculusLibrary (135)
[2017.01.19-05.51.56:751][243]LogModuleManager: Shutting down and abandoning module OculusInput (134)
[2017.01.19-05.51.56:751][243]LogModuleManager: Shutting down and abandoning module CustomMeshComponent (133)
[2017.01.19-05.51.56:751][243]LogModuleManager: Shutting down and abandoning module CableComponent (132)
[2017.01.19-05.51.56:751][243]LogModuleManager: Shutting down and abandoning module ArchVisCharacter (131)
[2017.01.19-05.51.56:751][243]LogModuleManager: Shutting down and abandoning module MediaPlayerEditor (129)
[2017.01.19-05.51.56:751][243]LogModuleManager: Shutting down and abandoning module CreaturePackEditor (128)
[2017.01.19-05.51.56:751][243]LogModuleManager: Shutting down and abandoning module HTML5Networking (127)
[2017.01.19-05.51.56:751][243]LogModuleManager: Shutting down and abandoning module GeometryCacheEd (126)
[2017.01.19-05.51.56:751][243]LogModuleManager: Shutting down and abandoning module GeometryCache (125)
[2017.01.19-05.51.56:751][243]LogModuleManager: Shutting down and abandoning module AlembicLibrary (124)
[2017.01.19-05.51.56:751][243]LogModuleManager: Shutting down and abandoning module AlembicImporter (123)
[2017.01.19-05.51.56:751][243]LogModuleManager: Shutting down and abandoning module SuperSearch (122)
[2017.01.19-05.51.56:751][243]LogModuleManager: Shutting down and abandoning module SuperSearchEditor (121)
[2017.01.19-05.51.56:751][243]LogModuleManager: Shutting down and abandoning module SpeedTreeImporter (120)
[2017.01.19-05.51.56:751][243]LogModuleManager: Shutting down and abandoning module PluginBrowser (119)
[2017.01.19-05.51.56:751][243]LogModuleManager: Shutting down and abandoning module MobileLauncherProfileWizard (118)
[2017.01.19-05.51.56:751][243]LogModuleManager: Shutting down and abandoning module EpicSurvey (117)
[2017.01.19-05.51.56:752][243]LogModuleManager: Shutting down and abandoning module DesktopPlatform (116)
[2017.01.19-05.51.56:752][243]LogModuleManager: Shutting down and abandoning module VisualStudioSourceCodeAccess (115)
[2017.01.19-05.51.56:752][243]LogModuleManager: Shutting down and abandoning module UObjectPlugin (114)
[2017.01.19-05.51.56:752][243]LogModuleManager: Shutting down and abandoning module SubversionSourceControl (113)
[2017.01.19-05.51.56:752][243]LogModuleManager: Shutting down and abandoning module PerforceSourceControl (112)
[2017.01.19-05.51.56:752][243]LogModuleManager: Shutting down and abandoning module SourceControl (111)
[2017.01.19-05.51.56:752][243]LogModuleManager: Shutting down and abandoning module GitSourceControl (110)
[2017.01.19-05.51.56:752][243]LogModuleManager: Shutting down and abandoning module LightPropagationVolumeEditor (109)
[2017.01.19-05.51.56:752][243]LogModuleManager: Shutting down and abandoning module PaperTiledImporter (108)
[2017.01.19-05.51.56:752][243]LogModuleManager: Shutting down and abandoning module PaperSpriteSheetImporter (107)
[2017.01.19-05.51.56:752][243]LogModuleManager: Shutting down and abandoning module MeshPaint (106)
[2017.01.19-05.51.56:752][243]LogModuleManager: Shutting down and abandoning module FbxAutomationBuilderModule (105)
[2017.01.19-05.51.56:752][243]LogModuleManager: Shutting down and abandoning module PixelInspectorModule (104)
[2017.01.19-05.51.56:752][243]LogModuleManager: Shutting down and abandoning module HotReload (103)
[2017.01.19-05.51.56:752][243]LogDirectoryWatcher: A directory notification for 'C:/Users/DohyunYun/Desktop/ReturnOfKing/ReturnOfKing/Binaries/Win64' was aborted.
[2017.01.19-05.51.56:753][243]LogModuleManager: Shutting down and abandoning module MainFrame (102)
[2017.01.19-05.51.56:753][243]LogModuleManager: Shutting down and abandoning module LevelEditor (101)
[2017.01.19-05.51.56:754][243]LogModuleManager: Shutting down and abandoning module ContentBrowser (100)
[2017.01.19-05.51.56:755][243]LogModuleManager: Shutting down and abandoning module Paper2DEditor (99)
[2017.01.19-05.51.56:755][243]LogModuleManager: Shutting down and abandoning module ReturnOfKing (98)
[2017.01.19-05.51.56:756][243]LogModuleManager: Shutting down and abandoning module UdpMessaging (97)
[2017.01.19-05.51.56:856][243]LogModuleManager: Shutting down and abandoning module TcpMessaging (96)
[2017.01.19-05.51.56:956][243]LogModuleManager: Shutting down and abandoning module CreaturePackRuntimePlugin (95)
[2017.01.19-05.51.56:956][243]LogModuleManager: Shutting down and abandoning module LightPropagationVolumeRuntime (94)
[2017.01.19-05.51.56:956][243]LogModuleManager: Shutting down and abandoning module Paper2D (93)
[2017.01.19-05.51.56:956][243]LogModuleManager: Shutting down and abandoning module WindowsMoviePlayer (92)
[2017.01.19-05.51.56:956][243]LogModuleManager: Shutting down and abandoning module WmfMedia (91)
[2017.01.19-05.51.56:957][243]LogModuleManager: Shutting down and abandoning module MediaAssets (90)
[2017.01.19-05.51.56:957][243]LogModuleManager: Shutting down and abandoning module GameLiveStreaming (89)
[2017.01.19-05.51.56:957][243]LogModuleManager: Shutting down and abandoning module GameplayTagsEditor (88)
[2017.01.19-05.51.56:957][243]LogModuleManager: Shutting down and abandoning module VREditor (87)
[2017.01.19-05.51.56:957][243]LogModuleManager: Shutting down and abandoning module GameplayTasksEditor (86)
[2017.01.19-05.51.56:957][243]LogModuleManager: Shutting down and abandoning module PropertyEditor (85)
[2017.01.19-05.51.56:957][243]LogModuleManager: Shutting down and abandoning module BehaviorTreeEditor (84)
[2017.01.19-05.51.56:957][243]LogModuleManager: Shutting down and abandoning module FunctionalTesting (83)
[2017.01.19-05.51.56:957][243]LogModuleManager: Shutting down and abandoning module CollisionAnalyzer (82)
[2017.01.19-05.51.56:957][243]LogModuleManager: Shutting down and abandoning module Sequencer (81)
[2017.01.19-05.51.56:957][243]LogModuleManager: Shutting down and abandoning module WorkspaceMenuStructure (80)
[2017.01.19-05.51.56:958][243]LogModuleManager: Shutting down and abandoning module MessageLog (79)
[2017.01.19-05.51.56:958][243]LogModuleManager: Shutting down and abandoning module AssetTools (78)
[2017.01.19-05.51.56:958][243]LogModuleManager: Shutting down and abandoning module UMGEditor (77)
[2017.01.19-05.51.56:958][243]LogModuleManager: Shutting down and abandoning module UMG (76)
[2017.01.19-05.51.56:958][243]LogModuleManager: Shutting down and abandoning module SlateReflector (75)
[2017.01.19-05.51.56:958][243]LogModuleManager: Shutting down and abandoning module Slate (74)
[2017.01.19-05.51.56:958][243]LogModuleManager: Shutting down and abandoning module EditorStyle (73)
[2017.01.19-05.51.56:973][243]LogModuleManager: Shutting down and abandoning module SourceCodeAccess (72)
[2017.01.19-05.51.56:973][243]LogModuleManager: Shutting down and abandoning module HeadMountedDisplay (71)
[2017.01.19-05.51.56:973][243]LogModuleManager: Shutting down and abandoning module XAudio2 (70)
[2017.01.19-05.51.56:973][243]LogModuleManager: Shutting down and abandoning module Networking (68)
[2017.01.19-05.51.56:974][243]LogModuleManager: Shutting down and abandoning module Core (67)
[2017.01.19-05.51.56:974][243]LogModuleManager: Shutting down and abandoning module DirectoryWatcher (66)
[2017.01.19-05.51.56:974][243]LogDirectoryWatcher: A directory notification for '../../../Engine/Content/' was aborted.
[2017.01.19-05.51.56:974][243]LogDirectoryWatcher: A directory notification for '../../../../../../Users/DohyunYun/Desktop/ReturnOfKing/ReturnOfKing/Content/' was aborted.
[2017.01.19-05.51.56:974][243]LogDirectoryWatcher: A directory notification for '../../../Engine/Plugins/2D/Paper2D/Content/' was aborted.
[2017.01.19-05.51.56:975][243]LogModuleManager: Shutting down and abandoning module AssetRegistry (65)
[2017.01.19-05.51.57:127][243]LogModuleManager: Shutting down and abandoning module KismetCompiler (64)
[2017.01.19-05.51.57:127][243]LogModuleManager: Shutting down and abandoning module PhysXFormats (63)
[2017.01.19-05.51.57:127][243]LogModuleManager: Shutting down and abandoning module MeshUtilities (62)
[2017.01.19-05.51.57:127][243]LogModuleManager: Shutting down and abandoning module DerivedDataCache (61)
[2017.01.19-05.51.57:346][243]LogDerivedDataCache: Shutdown
[2017.01.19-05.51.57:346][243]LogModuleManager: Shutting down and abandoning module VulkanShaderFormat (60)
[2017.01.19-05.51.57:346][243]LogModuleManager: Shutting down and abandoning module ShaderFormatOpenGL (59)
[2017.01.19-05.51.57:346][243]LogModuleManager: Shutting down and abandoning module ShaderFormatD3D (58)
[2017.01.19-05.51.57:346][243]LogModuleManager: Shutting down and abandoning module MetalShaderFormat (57)
[2017.01.19-05.51.57:347][243]LogModuleManager: Shutting down and abandoning module TextureFormatUncompressed (56)
[2017.01.19-05.51.57:347][243]LogModuleManager: Shutting down and abandoning module TextureFormatPVR (55)
[2017.01.19-05.51.57:347][243]LogModuleManager: Shutting down and abandoning module TextureFormatDXT (54)
[2017.01.19-05.51.57:347][243]LogModuleManager: Shutting down and abandoning module TextureFormatIntelISPCTexComp (53)
[2017.01.19-05.51.57:347][243]LogModuleManager: Shutting down and abandoning module ImageWrapper (52)
[2017.01.19-05.51.57:347][243]LogModuleManager: Shutting down and abandoning module TextureFormatASTC (51)
[2017.01.19-05.51.57:347][243]LogModuleManager: Shutting down and abandoning module TextureFormatAndroid (50)
[2017.01.19-05.51.57:347][243]LogModuleManager: Shutting down and abandoning module AudioFormatOpus (49)
[2017.01.19-05.51.57:347][243]LogModuleManager: Shutting down and abandoning module AudioFormatOgg (48)
[2017.01.19-05.51.57:348][243]LogModuleManager: Shutting down and abandoning module AudioFormatADPCM (47)
[2017.01.19-05.51.57:348][243]LogModuleManager: Shutting down and abandoning module LinuxTargetPlatform (46)
[2017.01.19-05.51.57:348][243]LogModuleManager: Shutting down and abandoning module LinuxServerTargetPlatform (45)
[2017.01.19-05.51.57:348][243]LogModuleManager: Shutting down and abandoning module LinuxNoEditorTargetPlatform (44)
[2017.01.19-05.51.57:348][243]LogModuleManager: Shutting down and abandoning module LinuxClientTargetPlatform (43)
[2017.01.19-05.51.57:348][243]LogModuleManager: Shutting down and abandoning module TVOSTargetPlatform (42)
[2017.01.19-05.51.57:348][243]LogModuleManager: Shutting down and abandoning module Messaging (41)
[2017.01.19-05.51.57:348][243]LogModuleManager: Shutting down and abandoning module IOSTargetPlatform (40)
[2017.01.19-05.51.57:348][243]LogModuleManager: Shutting down and abandoning module HTML5TargetPlatform (39)
[2017.01.19-05.51.57:348][243]LogModuleManager: Shutting down and abandoning module Android_PVRTCTargetPlatform (38)
[2017.01.19-05.51.57:348][243]LogModuleManager: Shutting down and abandoning module Android_MultiTargetPlatform (37)
[2017.01.19-05.51.57:348][243]LogModuleManager: Shutting down and abandoning module Android_ETC2TargetPlatform (36)
[2017.01.19-05.51.57:348][243]LogModuleManager: Shutting down and abandoning module Android_ETC1TargetPlatform (35)
[2017.01.19-05.51.57:348][243]LogModuleManager: Shutting down and abandoning module Android_DXTTargetPlatform (34)
[2017.01.19-05.51.57:348][243]LogModuleManager: Shutting down and abandoning module Android_ATCTargetPlatform (33)
[2017.01.19-05.51.57:349][243]LogModuleManager: Shutting down and abandoning module Android_ASTCTargetPlatform (32)
[2017.01.19-05.51.57:349][243]LogModuleManager: Shutting down and abandoning module AndroidTargetPlatform (31)
[2017.01.19-05.51.57:349][243]LogModuleManager: Shutting down and abandoning module WindowsTargetPlatform (30)
[2017.01.19-05.51.57:349][243]LogModuleManager: Shutting down and abandoning module WindowsServerTargetPlatform (29)
[2017.01.19-05.51.57:349][243]LogModuleManager: Shutting down and abandoning module WindowsNoEditorTargetPlatform (28)
[2017.01.19-05.51.57:349][243]LogModuleManager: Shutting down and abandoning module WindowsClientTargetPlatform (27)
[2017.01.19-05.51.57:349][243]LogModuleManager: Shutting down and abandoning module AllDesktopTargetPlatform (26)
[2017.01.19-05.51.57:349][243]LogModuleManager: Shutting down and abandoning module TargetPlatform (25)
[2017.01.19-05.51.57:349][243]LogModuleManager: Shutting down and abandoning module InputCore (24)
[2017.01.19-05.51.57:349][243]LogModuleManager: Shutting down and abandoning module Settings (23)
[2017.01.19-05.51.57:349][243]LogModuleManager: Shutting down and abandoning module OculusRift (22)
[2017.01.19-05.51.57:349][243]LogModuleManager: Shutting down and abandoning module GearVR (21)
[2017.01.19-05.51.57:349][243]LogModuleManager: Shutting down and abandoning module ExampleDeviceProfileSelector (20)
[2017.01.19-05.51.57:349][243]LogModuleManager: Shutting down and abandoning module OnlineBlueprintSupport (19)
[2017.01.19-05.51.57:349][243]LogModuleManager: Shutting down and abandoning module OnlineSubsystem (17)
[2017.01.19-05.51.57:349][243]LogOnline:Display: Unloading online subsystem: NULL
[2017.01.19-05.51.57:349][243]LogModuleManager: Shutting down and abandoning module HTTP (16)
[2017.01.19-05.51.57:349][243]LogHttp:Display: Http module shutting down, but needs to wait on 1 outstanding Http requests:
[2017.01.19-05.51.57:349][243]LogHttp:Display: 	verb=[POST] url=[https://datarouter.ol.epicgames.com/datarouter/api/v1/public/data?SessionID=%7B91337DC1-498F-6E1F-987E-A3A5D38957BE%7D&AppID=UEEditor.Rocket.Release&AppVersion=4.13.2-3172292%2B%2B%2BUE4%2BRelease-4.13&UserID=0f2da69c4170e62f77df6c9086e0699d%7Cbdb34c0d9b6b4f248f01d9fd1a627e5a%7C97c83a11-2d3c-48dc-be1e-fbb3989baefe&AppEnvironment=datacollector-binary&UploadType=eteventstream] status=Processing
[2017.01.19-05.51.57:374][243]LogModuleManager: Shutting down and abandoning module XMPP (15)
[2017.01.19-05.51.57:374][243]LogModuleManager: Shutting down and abandoning module TextureCompressor (14)
[2017.01.19-05.51.57:374][243]LogModuleManager: Shutting down and abandoning module ShaderCore (13)
[2017.01.19-05.51.57:374][243]LogModuleManager: Shutting down and abandoning module Landscape (12)
[2017.01.19-05.51.57:374][243]LogModuleManager: Shutting down and abandoning module SlateRHIRenderer (11)
[2017.01.19-05.51.57:376][243]LogModuleManager: Shutting down and abandoning module OpenGLDrv (10)
[2017.01.19-05.51.57:376][243]LogModuleManager: Shutting down and abandoning module D3D11RHI (9)
[2017.01.19-05.51.57:376][243]LogModuleManager: Shutting down and abandoning module AnimGraphRuntime (8)
[2017.01.19-05.51.57:376][243]LogModuleManager: Shutting down and abandoning module Renderer (7)
[2017.01.19-05.51.57:376][243]LogModuleManager: Shutting down and abandoning module Engine (6)
[2017.01.19-05.51.57:376][243]LogModuleManager: Shutting down and abandoning module CoreUObject (5)
[2017.01.19-05.51.57:376][243]LogModuleManager: Shutting down and abandoning module NetworkFile (4)
[2017.01.19-05.51.57:376][243]LogModuleManager: Shutting down and abandoning module StreamingFile (3)
[2017.01.19-05.51.57:376][243]LogModuleManager: Shutting down and abandoning module SandboxFile (2)
[2017.01.19-05.51.57:376][243]LogModuleManager: Shutting down and abandoning module PakFile (1)
[2017.01.19-05.51.57:379][243]LogExit: Exiting.
[2017.01.19-05.51.57:402][243]Log file closed, 01/19/17 14:51:57
